c:\users\ak\source\repos\vmdetect\vmdetect\debug\vc143.pdb
c:\users\ak\source\repos\vmdetect\vmdetect\debug\vc143.idb
c:\users\ak\source\repos\vmdetect\vmdetect\debug\vmdetect.obj
c:\users\ak\source\repos\vmdetect\vmdetect\debug\vmdetect.res
c:\users\ak\source\repos\vmdetect\vmdetect\debug\vmdetect.ilk
c:\users\ak\source\repos\vmdetect\debug\vmdetect.pdb
c:\users\ak\source\repos\vmdetect\vmdetect\debug\vmdetect.tlog\cl.command.1.tlog
c:\users\ak\source\repos\vmdetect\vmdetect\debug\vmdetect.tlog\cl.items.tlog
c:\users\ak\source\repos\vmdetect\vmdetect\debug\vmdetect.tlog\cl.read.1.tlog
c:\users\ak\source\repos\vmdetect\vmdetect\debug\vmdetect.tlog\cl.write.1.tlog
c:\users\ak\source\repos\vmdetect\vmdetect\debug\vmdetect.tlog\link.14664-cvtres.read.1.tlog
c:\users\ak\source\repos\vmdetect\vmdetect\debug\vmdetect.tlog\link.14664-cvtres.write.1.tlog
c:\users\ak\source\repos\vmdetect\vmdetect\debug\vmdetect.tlog\link.14664-rc.read.1.tlog
c:\users\ak\source\repos\vmdetect\vmdetect\debug\vmdetect.tlog\link.14664-rc.write.1.tlog
c:\users\ak\source\repos\vmdetect\vmdetect\debug\vmdetect.tlog\link.14664.read.1.tlog
c:\users\ak\source\repos\vmdetect\vmdetect\debug\vmdetect.tlog\link.14664.write.1.tlog
c:\users\ak\source\repos\vmdetect\vmdetect\debug\vmdetect.tlog\link.command.1.tlog
c:\users\ak\source\repos\vmdetect\vmdetect\debug\vmdetect.tlog\link.read.1.tlog
c:\users\ak\source\repos\vmdetect\vmdetect\debug\vmdetect.tlog\link.secondary.1.tlog
c:\users\ak\source\repos\vmdetect\vmdetect\debug\vmdetect.tlog\link.write.1.tlog
c:\users\ak\source\repos\vmdetect\vmdetect\debug\vmdetect.tlog\rc.command.1.tlog
c:\users\ak\source\repos\vmdetect\vmdetect\debug\vmdetect.tlog\rc.read.1.tlog
c:\users\ak\source\repos\vmdetect\vmdetect\debug\vmdetect.tlog\rc.write.1.tlog
